<?xml version="1.0" encoding="UTF-8"?>
<!-- Generated by org.testng.reporters.JUnitXMLReporter -->
<testsuite hostname="Gustavos-MacBook-Air.local" ignored="0" name="Default test" tests="10" failures="0" timestamp="25 Mar 2020 22:11:03 GMT" time="112.834" errors="0">
  <testcase name="LoginValidUser" time="19.362" classname="TestCases.FrontEndTesting"/>
  <testcase name="LoginInvalidUser" time="0.496" classname="TestCases.FrontEndTesting"/>
  <testcase name="LogoutFromProductPage" time="7.262" classname="TestCases.FrontEndTesting"/>
  <testcase name="NavigateToShoppingCart" time="7.139" classname="TestCases.FrontEndTesting"/>
  <testcase name="AddItemToShoppingCart" time="8.062" classname="TestCases.FrontEndTesting"/>
  <testcase name="AddItemsToShoppingCart" time="13.075" classname="TestCases.FrontEndTesting"/>
  <testcase name="UserInformationInvalid" time="10.915" classname="TestCases.FrontEndTesting"/>
  <testcase name="FillUserInformation" time="11.966" classname="TestCases.FrontEndTesting"/>
  <testcase name="FinalOrderItems" time="14.249" classname="TestCases.FrontEndTesting"/>
  <testcase name="CompletePurchase" time="15.882" classname="TestCases.FrontEndTesting"/>
</testsuite> <!-- Default test -->
